<?xml version="1.0" encoding="UTF-8"?>
<testsuite xmlns:xsi="http://www.w3.org/2001/XMLSchema-instance" xsi:noNamespaceSchemaLocation="https://maven.apache.org/surefire/maven-surefire-plugin/xsd/surefire-test-report.xsd" name="test.Test" time="0.602" tests="6" errors="0" skipped="0" failures="0">
  <properties>
[...]
</properties>
  <testcase name="testGetTopOfQueue" classname="test.Test" time="0.256"/>
  <testcase name="testGetList" classname="test.Test" time="0.022"/>
  <testcase name="testAddToQueue" classname="test.Test" time="0.137"/>
  <testcase name="testGetAverageWaitTime" classname="test.Test" time="0.01"/>
  <testcase name="testGetPositionInQueue" classname="test.Test" time="0.061"/>
  <testcase name="testRemoveFromQueue" classname="test.Test" time="0.078"/>
</testsuite>